[10:16:09 - main] [Cooja.java:1316] [INFO] - > Starting Cooja
[10:16:09 - main] [Cooja.java:2857] [INFO] - External tools default settings: /external_tools_linux.config
[10:16:09 - main] [Cooja.java:2887] [INFO] - External tools user settings: /home/user/.cooja.user.properties
[10:16:09 - main] [Simulation.java:422] [INFO] - Simulation random seed: 123480
[10:16:10 - main] [CompileContiki.java:140] [INFO] - > make iotorii-root.sky TARGET=sky 
[10:16:10 - main] [CompileContiki.java:140] [INFO] - > make iotorii-common-node.sky TARGET=sky 
[10:16:10 - main] [MspMote.java:235] [INFO] - Loading firmware from: /home/user/contiki-ng/examples/iotorii-n-hlmac/code/root/iotorii-root.sky
[10:16:11 - main] [MspMote.java:235] [INFO] - Loading firmware from: /home/user/contiki-ng/examples/iotorii-n-hlmac/code/common-node/iotorii-common-node.sky
[10:16:11 - main] [MspMote.java:235] [INFO] - Loading firmware from: /home/user/contiki-ng/examples/iotorii-n-hlmac/code/common-node/iotorii-common-node.sky
[10:16:11 - main] [MspMote.java:235] [INFO] - Loading firmware from: /home/user/contiki-ng/examples/iotorii-n-hlmac/code/common-node/iotorii-common-node.sky
[10:16:11 - main] [MspMote.java:235] [INFO] - Loading firmware from: /home/user/contiki-ng/examples/iotorii-n-hlmac/code/common-node/iotorii-common-node.sky
[10:16:11 - main] [MspMote.java:235] [INFO] - Loading firmware from: /home/user/contiki-ng/examples/iotorii-n-hlmac/code/common-node/iotorii-common-node.sky
[10:16:11 - main] [MspMote.java:235] [INFO] - Loading firmware from: /home/user/contiki-ng/examples/iotorii-n-hlmac/code/common-node/iotorii-common-node.sky
[10:16:11 - main] [MspMote.java:235] [INFO] - Loading firmware from: /home/user/contiki-ng/examples/iotorii-n-hlmac/code/common-node/iotorii-common-node.sky
[10:16:11 - main] [MspMote.java:235] [INFO] - Loading firmware from: /home/user/contiki-ng/examples/iotorii-n-hlmac/code/common-node/iotorii-common-node.sky
[10:16:11 - main] [MspMote.java:235] [INFO] - Loading firmware from: /home/user/contiki-ng/examples/iotorii-n-hlmac/code/common-node/iotorii-common-node.sky
[10:16:11 - main] [MspMote.java:235] [INFO] - Loading firmware from: /home/user/contiki-ng/examples/iotorii-n-hlmac/code/common-node/iotorii-common-node.sky
[10:16:11 - main] [MspMote.java:235] [INFO] - Loading firmware from: /home/user/contiki-ng/examples/iotorii-n-hlmac/code/common-node/iotorii-common-node.sky
[10:16:11 - main] [MspMote.java:235] [INFO] - Loading firmware from: /home/user/contiki-ng/examples/iotorii-n-hlmac/code/common-node/iotorii-common-node.sky
[10:16:11 - main] [MspMote.java:235] [INFO] - Loading firmware from: /home/user/contiki-ng/examples/iotorii-n-hlmac/code/common-node/iotorii-common-node.sky
[10:16:11 - main] [MspMote.java:235] [INFO] - Loading firmware from: /home/user/contiki-ng/examples/iotorii-n-hlmac/code/common-node/iotorii-common-node.sky
[10:16:11 - main] [MspMote.java:235] [INFO] - Loading firmware from: /home/user/contiki-ng/examples/iotorii-n-hlmac/code/common-node/iotorii-common-node.sky
[10:16:11 - main] [MspMote.java:235] [INFO] - Loading firmware from: /home/user/contiki-ng/examples/iotorii-n-hlmac/code/common-node/iotorii-common-node.sky
[10:16:11 - main] [MspMote.java:235] [INFO] - Loading firmware from: /home/user/contiki-ng/examples/iotorii-n-hlmac/code/common-node/iotorii-common-node.sky
[10:16:11 - main] [MspMote.java:235] [INFO] - Loading firmware from: /home/user/contiki-ng/examples/iotorii-n-hlmac/code/common-node/iotorii-common-node.sky
[10:16:12 - main] [MspMote.java:235] [INFO] - Loading firmware from: /home/user/contiki-ng/examples/iotorii-n-hlmac/code/common-node/iotorii-common-node.sky
[10:16:12 - main] [MspMote.java:235] [INFO] - Loading firmware from: /home/user/contiki-ng/examples/iotorii-n-hlmac/code/common-node/iotorii-common-node.sky
[10:16:12 - main] [MspMote.java:235] [INFO] - Loading firmware from: /home/user/contiki-ng/examples/iotorii-n-hlmac/code/common-node/iotorii-common-node.sky
[10:16:12 - main] [MspMote.java:235] [INFO] - Loading firmware from: /home/user/contiki-ng/examples/iotorii-n-hlmac/code/common-node/iotorii-common-node.sky
[10:16:12 - main] [MspMote.java:235] [INFO] - Loading firmware from: /home/user/contiki-ng/examples/iotorii-n-hlmac/code/common-node/iotorii-common-node.sky
[10:16:12 - main] [MspMote.java:235] [INFO] - Loading firmware from: /home/user/contiki-ng/examples/iotorii-n-hlmac/code/common-node/iotorii-common-node.sky
[10:16:12 - main] [MspMote.java:235] [INFO] - Loading firmware from: /home/user/contiki-ng/examples/iotorii-n-hlmac/code/common-node/iotorii-common-node.sky
[10:16:12 - main] [MspMote.java:235] [INFO] - Loading firmware from: /home/user/contiki-ng/examples/iotorii-n-hlmac/code/common-node/iotorii-common-node.sky
[10:16:12 - main] [MspMote.java:235] [INFO] - Loading firmware from: /home/user/contiki-ng/examples/iotorii-n-hlmac/code/common-node/iotorii-common-node.sky
[10:16:12 - main] [MspMote.java:235] [INFO] - Loading firmware from: /home/user/contiki-ng/examples/iotorii-n-hlmac/code/common-node/iotorii-common-node.sky
[10:16:12 - main] [MspMote.java:235] [INFO] - Loading firmware from: /home/user/contiki-ng/examples/iotorii-n-hlmac/code/common-node/iotorii-common-node.sky
[10:16:12 - main] [MspMote.java:235] [INFO] - Loading firmware from: /home/user/contiki-ng/examples/iotorii-n-hlmac/code/common-node/iotorii-common-node.sky
[10:16:12 - main] [MspMote.java:235] [INFO] - Loading firmware from: /home/user/contiki-ng/examples/iotorii-n-hlmac/code/common-node/iotorii-common-node.sky
[10:16:12 - main] [MspMote.java:235] [INFO] - Loading firmware from: /home/user/contiki-ng/examples/iotorii-n-hlmac/code/common-node/iotorii-common-node.sky
[10:16:12 - main] [MspMote.java:235] [INFO] - Loading firmware from: /home/user/contiki-ng/examples/iotorii-n-hlmac/code/common-node/iotorii-common-node.sky
[10:16:12 - main] [MspMote.java:235] [INFO] - Loading firmware from: /home/user/contiki-ng/examples/iotorii-n-hlmac/code/common-node/iotorii-common-node.sky
[10:16:12 - main] [MspMote.java:235] [INFO] - Loading firmware from: /home/user/contiki-ng/examples/iotorii-n-hlmac/code/common-node/iotorii-common-node.sky
[10:16:12 - main] [MspMote.java:235] [INFO] - Loading firmware from: /home/user/contiki-ng/examples/iotorii-n-hlmac/code/common-node/iotorii-common-node.sky
[10:16:12 - main] [MspMote.java:235] [INFO] - Loading firmware from: /home/user/contiki-ng/examples/iotorii-n-hlmac/code/common-node/iotorii-common-node.sky
[10:16:12 - main] [MspMote.java:235] [INFO] - Loading firmware from: /home/user/contiki-ng/examples/iotorii-n-hlmac/code/common-node/iotorii-common-node.sky
[10:16:12 - main] [MspMote.java:235] [INFO] - Loading firmware from: /home/user/contiki-ng/examples/iotorii-n-hlmac/code/common-node/iotorii-common-node.sky
[10:16:12 - main] [MspMote.java:235] [INFO] - Loading firmware from: /home/user/contiki-ng/examples/iotorii-n-hlmac/code/common-node/iotorii-common-node.sky
[10:16:12 - main] [MspMote.java:235] [INFO] - Loading firmware from: /home/user/contiki-ng/examples/iotorii-n-hlmac/code/common-node/iotorii-common-node.sky
[10:16:12 - main] [MspMote.java:235] [INFO] - Loading firmware from: /home/user/contiki-ng/examples/iotorii-n-hlmac/code/common-node/iotorii-common-node.sky
[10:16:12 - main] [MspMote.java:235] [INFO] - Loading firmware from: /home/user/contiki-ng/examples/iotorii-n-hlmac/code/common-node/iotorii-common-node.sky
[10:16:12 - main] [MspMote.java:235] [INFO] - Loading firmware from: /home/user/contiki-ng/examples/iotorii-n-hlmac/code/common-node/iotorii-common-node.sky
[10:16:12 - main] [MspMote.java:235] [INFO] - Loading firmware from: /home/user/contiki-ng/examples/iotorii-n-hlmac/code/common-node/iotorii-common-node.sky
[10:16:12 - main] [MspMote.java:235] [INFO] - Loading firmware from: /home/user/contiki-ng/examples/iotorii-n-hlmac/code/common-node/iotorii-common-node.sky
[10:16:12 - main] [MspMote.java:235] [INFO] - Loading firmware from: /home/user/contiki-ng/examples/iotorii-n-hlmac/code/common-node/iotorii-common-node.sky
[10:16:12 - main] [MspMote.java:235] [INFO] - Loading firmware from: /home/user/contiki-ng/examples/iotorii-n-hlmac/code/common-node/iotorii-common-node.sky
[10:16:12 - main] [MspMote.java:235] [INFO] - Loading firmware from: /home/user/contiki-ng/examples/iotorii-n-hlmac/code/common-node/iotorii-common-node.sky
[10:16:13 - main] [MspMote.java:235] [INFO] - Loading firmware from: /home/user/contiki-ng/examples/iotorii-n-hlmac/code/common-node/iotorii-common-node.sky
[10:16:13 - main] [MspMote.java:235] [INFO] - Loading firmware from: /home/user/contiki-ng/examples/iotorii-n-hlmac/code/common-node/iotorii-common-node.sky
[10:16:13 - main] [MspMote.java:235] [INFO] - Loading firmware from: /home/user/contiki-ng/examples/iotorii-n-hlmac/code/common-node/iotorii-common-node.sky
[10:16:13 - main] [MspMote.java:235] [INFO] - Loading firmware from: /home/user/contiki-ng/examples/iotorii-n-hlmac/code/common-node/iotorii-common-node.sky
[10:16:13 - main] [MspMote.java:235] [INFO] - Loading firmware from: /home/user/contiki-ng/examples/iotorii-n-hlmac/code/common-node/iotorii-common-node.sky
[10:16:13 - main] [MspMote.java:235] [INFO] - Loading firmware from: /home/user/contiki-ng/examples/iotorii-n-hlmac/code/common-node/iotorii-common-node.sky
[10:16:13 - main] [MspMote.java:235] [INFO] - Loading firmware from: /home/user/contiki-ng/examples/iotorii-n-hlmac/code/common-node/iotorii-common-node.sky
[10:16:13 - main] [MspMote.java:235] [INFO] - Loading firmware from: /home/user/contiki-ng/examples/iotorii-n-hlmac/code/common-node/iotorii-common-node.sky
[10:16:13 - main] [MspMote.java:235] [INFO] - Loading firmware from: /home/user/contiki-ng/examples/iotorii-n-hlmac/code/common-node/iotorii-common-node.sky
[10:16:13 - main] [MspMote.java:235] [INFO] - Loading firmware from: /home/user/contiki-ng/examples/iotorii-n-hlmac/code/common-node/iotorii-common-node.sky
[10:16:13 - main] [MspMote.java:235] [INFO] - Loading firmware from: /home/user/contiki-ng/examples/iotorii-n-hlmac/code/common-node/iotorii-common-node.sky
[10:16:13 - main] [MspMote.java:235] [INFO] - Loading firmware from: /home/user/contiki-ng/examples/iotorii-n-hlmac/code/common-node/iotorii-common-node.sky
[10:16:13 - main] [MspMote.java:235] [INFO] - Loading firmware from: /home/user/contiki-ng/examples/iotorii-n-hlmac/code/common-node/iotorii-common-node.sky
[10:16:13 - main] [MspMote.java:235] [INFO] - Loading firmware from: /home/user/contiki-ng/examples/iotorii-n-hlmac/code/common-node/iotorii-common-node.sky
[10:16:13 - main] [MspMote.java:235] [INFO] - Loading firmware from: /home/user/contiki-ng/examples/iotorii-n-hlmac/code/common-node/iotorii-common-node.sky
[10:16:13 - main] [MspMote.java:235] [INFO] - Loading firmware from: /home/user/contiki-ng/examples/iotorii-n-hlmac/code/common-node/iotorii-common-node.sky
[10:16:13 - main] [MspMote.java:235] [INFO] - Loading firmware from: /home/user/contiki-ng/examples/iotorii-n-hlmac/code/common-node/iotorii-common-node.sky
[10:16:13 - main] [MspMote.java:235] [INFO] - Loading firmware from: /home/user/contiki-ng/examples/iotorii-n-hlmac/code/common-node/iotorii-common-node.sky
[10:16:13 - main] [MspMote.java:235] [INFO] - Loading firmware from: /home/user/contiki-ng/examples/iotorii-n-hlmac/code/common-node/iotorii-common-node.sky
[10:16:13 - main] [MspMote.java:235] [INFO] - Loading firmware from: /home/user/contiki-ng/examples/iotorii-n-hlmac/code/common-node/iotorii-common-node.sky
[10:16:13 - main] [MspMote.java:235] [INFO] - Loading firmware from: /home/user/contiki-ng/examples/iotorii-n-hlmac/code/common-node/iotorii-common-node.sky
[10:16:13 - main] [MspMote.java:235] [INFO] - Loading firmware from: /home/user/contiki-ng/examples/iotorii-n-hlmac/code/common-node/iotorii-common-node.sky
[10:16:13 - main] [MspMote.java:235] [INFO] - Loading firmware from: /home/user/contiki-ng/examples/iotorii-n-hlmac/code/common-node/iotorii-common-node.sky
[10:16:13 - main] [MspMote.java:235] [INFO] - Loading firmware from: /home/user/contiki-ng/examples/iotorii-n-hlmac/code/common-node/iotorii-common-node.sky
[10:16:13 - main] [MspMote.java:235] [INFO] - Loading firmware from: /home/user/contiki-ng/examples/iotorii-n-hlmac/code/common-node/iotorii-common-node.sky
[10:16:13 - main] [MspMote.java:235] [INFO] - Loading firmware from: /home/user/contiki-ng/examples/iotorii-n-hlmac/code/common-node/iotorii-common-node.sky
[10:16:13 - main] [MspMote.java:235] [INFO] - Loading firmware from: /home/user/contiki-ng/examples/iotorii-n-hlmac/code/common-node/iotorii-common-node.sky
[10:16:13 - main] [MspMote.java:235] [INFO] - Loading firmware from: /home/user/contiki-ng/examples/iotorii-n-hlmac/code/common-node/iotorii-common-node.sky
[10:16:13 - main] [MspMote.java:235] [INFO] - Loading firmware from: /home/user/contiki-ng/examples/iotorii-n-hlmac/code/common-node/iotorii-common-node.sky
[10:16:13 - main] [MspMote.java:235] [INFO] - Loading firmware from: /home/user/contiki-ng/examples/iotorii-n-hlmac/code/common-node/iotorii-common-node.sky
[10:16:13 - main] [MspMote.java:235] [INFO] - Loading firmware from: /home/user/contiki-ng/examples/iotorii-n-hlmac/code/common-node/iotorii-common-node.sky
[10:16:14 - main] [MspMote.java:235] [INFO] - Loading firmware from: /home/user/contiki-ng/examples/iotorii-n-hlmac/code/common-node/iotorii-common-node.sky
[10:16:14 - main] [MspMote.java:235] [INFO] - Loading firmware from: /home/user/contiki-ng/examples/iotorii-n-hlmac/code/common-node/iotorii-common-node.sky
[10:16:14 - main] [MspMote.java:235] [INFO] - Loading firmware from: /home/user/contiki-ng/examples/iotorii-n-hlmac/code/common-node/iotorii-common-node.sky
[10:16:14 - main] [MspMote.java:235] [INFO] - Loading firmware from: /home/user/contiki-ng/examples/iotorii-n-hlmac/code/common-node/iotorii-common-node.sky
[10:16:14 - main] [MspMote.java:235] [INFO] - Loading firmware from: /home/user/contiki-ng/examples/iotorii-n-hlmac/code/common-node/iotorii-common-node.sky
[10:16:14 - main] [MspMote.java:235] [INFO] - Loading firmware from: /home/user/contiki-ng/examples/iotorii-n-hlmac/code/common-node/iotorii-common-node.sky
[10:16:14 - main] [MspMote.java:235] [INFO] - Loading firmware from: /home/user/contiki-ng/examples/iotorii-n-hlmac/code/common-node/iotorii-common-node.sky
[10:16:14 - main] [MspMote.java:235] [INFO] - Loading firmware from: /home/user/contiki-ng/examples/iotorii-n-hlmac/code/common-node/iotorii-common-node.sky
[10:16:14 - main] [MspMote.java:235] [INFO] - Loading firmware from: /home/user/contiki-ng/examples/iotorii-n-hlmac/code/common-node/iotorii-common-node.sky
[10:16:14 - main] [MspMote.java:235] [INFO] - Loading firmware from: /home/user/contiki-ng/examples/iotorii-n-hlmac/code/common-node/iotorii-common-node.sky
[10:16:14 - main] [MspMote.java:235] [INFO] - Loading firmware from: /home/user/contiki-ng/examples/iotorii-n-hlmac/code/common-node/iotorii-common-node.sky
[10:16:14 - main] [MspMote.java:235] [INFO] - Loading firmware from: /home/user/contiki-ng/examples/iotorii-n-hlmac/code/common-node/iotorii-common-node.sky
[10:16:14 - main] [MspMote.java:235] [INFO] - Loading firmware from: /home/user/contiki-ng/examples/iotorii-n-hlmac/code/common-node/iotorii-common-node.sky
[10:16:14 - main] [MspMote.java:235] [INFO] - Loading firmware from: /home/user/contiki-ng/examples/iotorii-n-hlmac/code/common-node/iotorii-common-node.sky
[10:16:14 - main] [MspMote.java:235] [INFO] - Loading firmware from: /home/user/contiki-ng/examples/iotorii-n-hlmac/code/common-node/iotorii-common-node.sky
[10:16:14 - main] [MspMote.java:235] [INFO] - Loading firmware from: /home/user/contiki-ng/examples/iotorii-n-hlmac/code/common-node/iotorii-common-node.sky
[10:16:14 - main] [MspMote.java:235] [INFO] - Loading firmware from: /home/user/contiki-ng/examples/iotorii-n-hlmac/code/common-node/iotorii-common-node.sky
[10:16:14 - main] [MspMote.java:235] [INFO] - Loading firmware from: /home/user/contiki-ng/examples/iotorii-n-hlmac/code/common-node/iotorii-common-node.sky
[10:16:14 - main] [MspMote.java:235] [INFO] - Loading firmware from: /home/user/contiki-ng/examples/iotorii-n-hlmac/code/common-node/iotorii-common-node.sky
[10:16:14 - main] [Cooja.java:1782] [INFO] - Visualized plugin was not started: class org.contikios.cooja.plugins.SimControl
[10:16:14 - main] [Cooja.java:1782] [INFO] - Visualized plugin was not started: class org.contikios.cooja.plugins.Visualizer
[10:16:14 - main] [Cooja.java:1782] [INFO] - Visualized plugin was not started: class org.contikios.cooja.plugins.LogListener
[10:16:14 - main] [Cooja.java:1782] [INFO] - Visualized plugin was not started: class org.contikios.cooja.plugins.TimeLine
[10:16:14 - main] [Cooja.java:1782] [INFO] - Visualized plugin was not started: class org.contikios.cooja.plugins.Notes
[10:16:15 - main] [ScriptRunner.java:430] [INFO] - Test script deactivated
[10:16:16 - main] [LogScriptEngine.java:263] [INFO] - Default script timeout in 1200000 ms
[10:16:17 - main] [ScriptRunner.java:387] [INFO] - Test script activated
[10:16:17 - Thread-2] [Simulation.java:253] [INFO] - Simulation main loop started, system time: 1548929777077
[10:17:42 - Thread-1] [LogScriptEngine.java:309] [INFO] - Test script finished
[10:17:42 - Thread-2] [Simulation.java:312] [INFO] - Simulation main loop stopped, system time: 1548929862266	Duration: 85189 ms	Simulated time 30273 ms	Ratio 0.3553627815797814
[10:17:42 - AWT-EventQueue-0] [ScriptRunner.java:430] [INFO] - Test script deactivated
